<?xml version="1.0" encoding="UTF-8" standalone="yes"?><!DOCTYPE report PUBLIC "-//JACOCO//DTD Report 1.0//EN" "report.dtd"><report name="nextdate"><sessioninfo id="DESKTOP-I5C3TKO-3cb3b9b1" start="1584189903261" dump="1584189904199"/><sessioninfo id="DESKTOP-I5C3TKO-c5b53a2a" start="1584194681516" dump="1584194682244"/><sessioninfo id="DESKTOP-I5C3TKO-bacc9b32" start="1584195066260" dump="1584195067020"/><sessioninfo id="LAPTOP-K4JF8SMO-a3b1310" start="1584254333104" dump="1584254333612"/><sessioninfo id="LAPTOP-K4JF8SMO-5c2b9167" start="1584254811318" dump="1584254811807"/><sessioninfo id="LAPTOP-K4JF8SMO-866e8df" start="1584254838177" dump="1584254838666"/><sessioninfo id="LAPTOP-K4JF8SMO-b6f170e2" start="1584254856993" dump="1584254857440"/><sessioninfo id="LAPTOP-K4JF8SMO-323fab13" start="1584255306752" dump="1584255307200"/><sessioninfo id="LAPTOP-K4JF8SMO-e076e358" start="1584255619554" dump="1584255619966"/><sessioninfo id="LAPTOP-K4JF8SMO-e2073335" start="1584255725843" dump="1584255726307"/><sessioninfo id="LAPTOP-K4JF8SMO-786bef8" start="1584255758820" dump="1584255759516"/><sessioninfo id="LAPTOP-K4JF8SMO-2985e7f" start="1584255975686" dump="1584255976107"/><sessioninfo id="LAPTOP-K4JF8SMO-276ae2b1" start="1584256201517" dump="1584256201968"/><sessioninfo id="LAPTOP-K4JF8SMO-defbe98c" start="1584256757310" dump="1584256757723"/><sessioninfo id="LAPTOP-K4JF8SMO-b2bcba18" start="1584256836689" dump="1584256837105"/><sessioninfo id="LAPTOP-K4JF8SMO-49b3c72c" start="1584256885433" dump="1584256885836"/><sessioninfo id="LAPTOP-K4JF8SMO-bf7b65ea" start="1584257311681" dump="1584257312079"/><sessioninfo id="LAPTOP-K4JF8SMO-9b5c8898" start="1584257396196" dump="1584257396626"/><sessioninfo id="LAPTOP-K4JF8SMO-99443038" start="1584257541898" dump="1584257542309"/><sessioninfo id="LAPTOP-K4JF8SMO-bb9ef87" start="1584258048995" dump="1584258049506"/><package name="ee/ut/cs/swt/nextdate"><class name="ee/ut/cs/swt/nextdate/NextDate"><method name="&lt;init&gt;" desc="(III)V" line="6"><counter type="INSTRUCTION" missed="0" covered="3"/><counter type="LINE" missed="0" covered="2"/><counter type="COMPLEXITY" missed="0" covered="1"/><counter type="METHOD" missed="0" covered="1"/></method><method name="run" desc="(III)Ljava/lang/String;" line="25"><counter type="INSTRUCTION" missed="0" covered="147"/><counter type="BRANCH" missed="4" covered="36"/><counter type="LINE" missed="0" covered="41"/><counter type="COMPLEXITY" missed="4" covered="17"/><counter type="METHOD" missed="0" covered="1"/></method><method name="isThirtyOneDayMonth" desc="(I)Z" line="114"><counter type="INSTRUCTION" missed="0" covered="19"/><counter type="BRANCH" missed="3" covered="7"/><counter type="LINE" missed="0" covered="1"/><counter type="COMPLEXITY" missed="3" covered="3"/><counter type="METHOD" missed="0" covered="1"/></method><method name="isThirtyDayMonth" desc="(I)Z" line="126"><counter type="INSTRUCTION" missed="0" covered="16"/><counter type="BRANCH" missed="1" covered="7"/><counter type="LINE" missed="0" covered="1"/><counter type="COMPLEXITY" missed="1" covered="4"/><counter type="METHOD" missed="0" covered="1"/></method><method name="isDecember" desc="(I)Z" line="139"><counter type="INSTRUCTION" missed="0" covered="7"/><counter type="BRANCH" missed="0" covered="2"/><counter type="LINE" missed="0" covered="1"/><counter type="COMPLEXITY" missed="0" covered="2"/><counter type="METHOD" missed="0" covered="1"/></method><method name="isFebruary" desc="(I)Z" line="153"><counter type="INSTRUCTION" missed="0" covered="7"/><counter type="BRANCH" missed="0" covered="2"/><counter type="LINE" missed="0" covered="1"/><counter type="COMPLEXITY" missed="0" covered="2"/><counter type="METHOD" missed="0" covered="1"/></method><method name="isLeapYear" desc="(I)Z" line="171"><counter type="INSTRUCTION" missed="0" covered="20"/><counter type="BRANCH" missed="0" covered="6"/><counter type="LINE" missed="0" covered="3"/><counter type="COMPLEXITY" missed="0" covered="4"/><counter type="METHOD" missed="0" covered="1"/></method><counter type="INSTRUCTION" missed="0" covered="219"/><counter type="BRANCH" missed="8" covered="60"/><counter type="LINE" missed="0" covered="50"/><counter type="COMPLEXITY" missed="8" covered="33"/><counter type="METHOD" missed="0" covered="7"/><counter type="CLASS" missed="0" covered="1"/></class><sourcefile name="NextDate.java"><line nr="6" mi="0" ci="2" mb="0" cb="0"/><line nr="12" mi="0" ci="1" mb="0" cb="0"/><line nr="25" mi="0" ci="15" mb="3" cb="7"/><line nr="26" mi="0" ci="2" mb="0" cb="0"/><line nr="29" mi="0" ci="2" mb="0" cb="0"/><line nr="30" mi="0" ci="2" mb="0" cb="0"/><line nr="31" mi="0" ci="2" mb="0" cb="0"/><line nr="34" mi="0" ci="3" mb="0" cb="2"/><line nr="36" mi="0" ci="3" mb="0" cb="2"/><line nr="37" mi="0" ci="5" mb="0" cb="0"/><line nr="39" mi="0" ci="2" mb="0" cb="0"/><line nr="40" mi="0" ci="5" mb="0" cb="0"/><line nr="44" mi="0" ci="3" mb="0" cb="2"/><line nr="46" mi="0" ci="3" mb="0" cb="2"/><line nr="47" mi="0" ci="5" mb="0" cb="0"/><line nr="49" mi="0" ci="3" mb="0" cb="2"/><line nr="50" mi="0" ci="2" mb="0" cb="0"/><line nr="51" mi="0" ci="5" mb="0" cb="0"/><line nr="54" mi="0" ci="2" mb="0" cb="0"/><line nr="58" mi="0" ci="3" mb="0" cb="2"/><line nr="60" mi="0" ci="3" mb="0" cb="2"/><line nr="61" mi="0" ci="5" mb="0" cb="0"/><line nr="63" mi="0" ci="2" mb="0" cb="0"/><line nr="64" mi="0" ci="2" mb="0" cb="0"/><line nr="65" mi="0" ci="3" mb="0" cb="2"/><line nr="66" mi="0" ci="2" mb="0" cb="0"/><line nr="68" mi="0" ci="5" mb="0" cb="0"/><line nr="73" mi="0" ci="3" mb="0" cb="2"/><line nr="75" mi="0" ci="3" mb="0" cb="2"/><line nr="76" mi="0" ci="5" mb="0" cb="0"/><line nr="78" mi="0" ci="3" mb="0" cb="2"/><line nr="79" mi="0" ci="3" mb="0" cb="2"/><line nr="80" mi="0" ci="3" mb="0" cb="0"/><line nr="82" mi="0" ci="2" mb="0" cb="0"/><line nr="83" mi="0" ci="3" mb="0" cb="0"/><line nr="86" mi="0" ci="3" mb="0" cb="2"/><line nr="87" mi="0" ci="3" mb="0" cb="2"/><line nr="88" mi="0" ci="2" mb="0" cb="0"/><line nr="89" mi="0" ci="3" mb="0" cb="0"/><line nr="92" mi="0" ci="2" mb="0" cb="0"/><line nr="94" mi="0" ci="3" mb="1" cb="1"/><line nr="95" mi="0" ci="2" mb="0" cb="0"/><line nr="99" mi="0" ci="15" mb="0" cb="0"/><line nr="114" mi="0" ci="19" mb="3" cb="7"/><line nr="126" mi="0" ci="16" mb="1" cb="7"/><line nr="139" mi="0" ci="7" mb="0" cb="2"/><line nr="153" mi="0" ci="7" mb="0" cb="2"/><line nr="171" mi="0" ci="4" mb="0" cb="2"/><line nr="172" mi="0" ci="8" mb="0" cb="2"/><line nr="174" mi="0" ci="8" mb="0" cb="2"/><counter type="INSTRUCTION" missed="0" covered="219"/><counter type="BRANCH" missed="8" covered="60"/><counter type="LINE" missed="0" covered="50"/><counter type="COMPLEXITY" missed="8" covered="33"/><counter type="METHOD" missed="0" covered="7"/><counter type="CLASS" missed="0" covered="1"/></sourcefile><counter type="INSTRUCTION" missed="0" covered="219"/><counter type="BRANCH" missed="8" covered="60"/><counter type="LINE" missed="0" covered="50"/><counter type="COMPLEXITY" missed="8" covered="33"/><counter type="METHOD" missed="0" covered="7"/><counter type="CLASS" missed="0" covered="1"/></package><counter type="INSTRUCTION" missed="0" covered="219"/><counter type="BRANCH" missed="8" covered="60"/><counter type="LINE" missed="0" covered="50"/><counter type="COMPLEXITY" missed="8" covered="33"/><counter type="METHOD" missed="0" covered="7"/><counter type="CLASS" missed="0" covered="1"/></report>