<?xml version="1.0" encoding="UTF-8"?>
<testsuite xmlns:xsi="http://www.w3.org/2001/XMLSchema-instance" xsi:schemaLocation="https://maven.apache.org/surefire/maven-surefire-plugin/xsd/surefire-test-report.xsd" name="ee.ut.cs.swt.nextdate.NextDateTest" time="0.024" tests="18" errors="0" skipped="0" failures="5">
  <properties>
[...]
</properties>
  <testcase name="testDecemberToJanuary" classname="ee.ut.cs.swt.nextdate.NextDateTest" time="0.016">
    <failure message="expected:&lt;1[/1/2002]&gt; but was:&lt;1[2/32/2001]&gt;" type="org.junit.ComparisonFailure"><![CDATA[org.junit.ComparisonFailure: expected:<1[/1/2002]> but was:<1[2/32/2001]>
	at ee.ut.cs.swt.nextdate.NextDateTest.testDecemberToJanuary(NextDateTest.java:32)
]]></failure>
  </testcase>
  <testcase name="testNovember" classname="ee.ut.cs.swt.nextdate.NextDateTest" time="0"/>
  <testcase name="testFebuaryToMarch" classname="ee.ut.cs.swt.nextdate.NextDateTest" time="0"/>
  <testcase name="testInvalidJulyDate" classname="ee.ut.cs.swt.nextdate.NextDateTest" time="0">
    <failure message="expected:&lt;[invalid Input Date]&gt; but was:&lt;[7/64/2004]&gt;" type="org.junit.ComparisonFailure"><![CDATA[org.junit.ComparisonFailure: expected:<[invalid Input Date]> but was:<[7/64/2004]>
	at ee.ut.cs.swt.nextdate.NextDateTest.testInvalidJulyDate(NextDateTest.java:82)
]]></failure>
  </testcase>
  <testcase name="testFebuary" classname="ee.ut.cs.swt.nextdate.NextDateTest" time="0"/>
  <testcase name="testInvalidDecemberDate" classname="ee.ut.cs.swt.nextdate.NextDateTest" time="0.001">
    <failure message="expected:&lt;[Invalid Input Date]&gt; but was:&lt;[1/1/2021]&gt;" type="org.junit.ComparisonFailure"><![CDATA[org.junit.ComparisonFailure: expected:<[Invalid Input Date]> but was:<[1/1/2021]>
	at ee.ut.cs.swt.nextdate.NextDateTest.testInvalidDecemberDate(NextDateTest.java:92)
]]></failure>
  </testcase>
  <testcase name="testJuly" classname="ee.ut.cs.swt.nextdate.NextDateTest" time="0">
    <failure message="expected:&lt;7/[7]/2020&gt; but was:&lt;7/[6]/2020&gt;" type="org.junit.ComparisonFailure"><![CDATA[org.junit.ComparisonFailure: expected:<7/[7]/2020> but was:<7/[6]/2020>
	at ee.ut.cs.swt.nextdate.NextDateTest.testJuly(NextDateTest.java:57)
]]></failure>
  </testcase>
  <testcase name="testJuneToJuly" classname="ee.ut.cs.swt.nextdate.NextDateTest" time="0"/>
  <testcase name="testFebuary2000LeayYear" classname="ee.ut.cs.swt.nextdate.NextDateTest" time="0"/>
  <testcase name="testFebuaryinvalid30Date" classname="ee.ut.cs.swt.nextdate.NextDateTest" time="0"/>
  <testcase name="testInvalidEverything" classname="ee.ut.cs.swt.nextdate.NextDateTest" time="0"/>
  <testcase name="testFebuaryToMarchNotLeapYear" classname="ee.ut.cs.swt.nextdate.NextDateTest" time="0"/>
  <testcase name="testJulyToAugust" classname="ee.ut.cs.swt.nextdate.NextDateTest" time="0">
    <failure message="expected:&lt;[8/]1/2020&gt; but was:&lt;[7/3]1/2020&gt;" type="org.junit.ComparisonFailure"><![CDATA[org.junit.ComparisonFailure: expected:<[8/]1/2020> but was:<[7/3]1/2020>
	at ee.ut.cs.swt.nextdate.NextDateTest.testJulyToAugust(NextDateTest.java:87)
]]></failure>
  </testcase>
  <testcase name="testDecemberInvalidNextYear" classname="ee.ut.cs.swt.nextdate.NextDateTest" time="0"/>
  <testcase name="testInvalidEverythingAlternate" classname="ee.ut.cs.swt.nextdate.NextDateTest" time="0"/>
  <testcase name="testFebuaryLeapYear" classname="ee.ut.cs.swt.nextdate.NextDateTest" time="0"/>
  <testcase name="testAprilInvalidDate" classname="ee.ut.cs.swt.nextdate.NextDateTest" time="0.001"/>
  <testcase name="testMarchToApril" classname="ee.ut.cs.swt.nextdate.NextDateTest" time="0"/>
</testsuite>