<?xml version="1.0" encoding="UTF-8"?>
<testsuite xmlns:xsi="http://www.w3.org/2001/XMLSchema-instance" xsi:schemaLocation="https://maven.apache.org/surefire/maven-surefire-plugin/xsd/surefire-test-report.xsd" name="ee.ut.cs.swt.nextdate.NextDateTest" time="0.024" tests="18" errors="0" skipped="0" failures="5">
  <properties>
    <property name="java.runtime.name" value="Java(TM) SE Runtime Environment"/>
    <property name="sun.boot.library.path" value="C:\Program Files\Java\jdk1.8.0_241\jre\bin"/>
    <property name="java.vm.version" value="25.241-b07"/>
    <property name="java.vm.vendor" value="Oracle Corporation"/>
    <property name="maven.multiModuleProjectDirectory" value="C:\Users\Tanel\Desktop\Tanel\Repositories\tarkvaratest\Kodutoo4\NextDate-2"/>
    <property name="java.vendor.url" value="http://java.oracle.com/"/>
    <property name="path.separator" value=";"/>
    <property name="guice.disable.misplaced.annotation.check" value="true"/>
    <property name="java.vm.name" value="Java HotSpot(TM) 64-Bit Server VM"/>
    <property name="file.encoding.pkg" value="sun.io"/>
    <property name="user.script" value=""/>
    <property name="user.country" value="US"/>
    <property name="sun.java.launcher" value="SUN_STANDARD"/>
    <property name="sun.os.patch.level" value=""/>
    <property name="java.vm.specification.name" value="Java Virtual Machine Specification"/>
    <property name="user.dir" value="C:\Users\Tanel\Desktop\Tanel\Repositories\tarkvaratest\Kodutoo4\NextDate-2"/>
    <property name="java.runtime.version" value="1.8.0_241-b07"/>
    <property name="java.awt.graphicsenv" value="sun.awt.Win32GraphicsEnvironment"/>
    <property name="java.endorsed.dirs" value="C:\Program Files\Java\jdk1.8.0_241\jre\lib\endorsed"/>
    <property name="os.arch" value="amd64"/>
    <property name="java.io.tmpdir" value="C:\Users\Tanel\AppData\Local\Temp\"/>
    <property name="line.separator" value="&#10;"/>
    <property name="java.vm.specification.vendor" value="Oracle Corporation"/>
    <property name="user.variant" value=""/>
    <property name="os.name" value="Windows 10"/>
    <property name="maven.ext.class.path" value="C:\Program Files\JetBrains\IntelliJ IDEA 2019.2.2\plugins\maven\lib\maven-event-listener.jar"/>
    <property name="classworlds.conf" value="C:\Program Files\JetBrains\IntelliJ IDEA 2019.2.2\plugins\maven\lib\maven3\bin\m2.conf"/>
    <property name="sun.jnu.encoding" value="Cp1252"/>
    <property name="java.library.path" value="C:\Program Files\Java\jdk1.8.0_241\bin;C:\WINDOWS\Sun\Java\bin;C:\WINDOWS\system32;C:\WINDOWS;C:\Program Files (x86)\Common Files\Oracle\Java\javapath;C:\Program Files\Java\jdk-12.0.2\bin;C:\Windows\system32;C:\Windows;C:\Windows\System32\Wbem;C:\Windows\System32\WindowsPowerShell\v1.0\;C:\Program Files (x86)\NVIDIA Corporation\PhysX\Common;C:\Program Files (x86)\IDEMIA\AWP\Dlls;C:\Program Files\IDEMIA\AWP\Dlls;C:\Program Files\NVIDIA Corporation\NVIDIA NvDLISR;C:\WINDOWS\system32;C:\WINDOWS;C:\WINDOWS\System32\Wbem;C:\WINDOWS\System32\WindowsPowerShell\v1.0\;C:\WINDOWS\System32\OpenSSH\;C:\Program Files (x86)\Windows Kits\8.1\Windows Performance Toolkit\;C:\Program Files (x86)\Graphviz2.38\bin\;C:\Program Files\Git\cmd;C:\Program Files (x86)\WinMerge;C:\Program Files\nodejs\;C:\Program Files (x86)\apache-maven-3.6.3\bin;C:\Users\Tanel\.windows-build-tools\python27;C:\Users\Tanel\AppData\Local\Programs\Python\Python36\Scripts\;C:\Users\Tanel\AppData\Local\Programs\Python\Python36\;C:\Users\Tanel\AppData\Local\Microsoft\WindowsApps;C:\Program Files\JetBrains\PyCharm 2019.1.3\bin;C:\Program Files\JetBrains\IntelliJ IDEA 2019.2.2\bin;;C:\Users\Tanel\AppData\Local\Microsoft\WindowsApps;C:\Users\Tanel\AppData\Roaming\npm;C:\Users\Tanel\AppData\Local\Programs\MiKTeX 2.9\miktex\bin\x64\;."/>
    <property name="maven.conf" value="C:\Program Files\JetBrains\IntelliJ IDEA 2019.2.2\plugins\maven\lib\maven3/conf"/>
    <property name="java.specification.name" value="Java Platform API Specification"/>
    <property name="java.class.version" value="52.0"/>
    <property name="sun.management.compiler" value="HotSpot 64-Bit Tiered Compilers"/>
    <property name="os.version" value="10.0"/>
    <property name="user.home" value="C:\Users\Tanel"/>
    <property name="user.timezone" value="Europe/Helsinki"/>
    <property name="java.awt.printerjob" value="sun.awt.windows.WPrinterJob"/>
    <property name="java.specification.version" value="1.8"/>
    <property name="file.encoding" value="UTF-8"/>
    <property name="user.name" value="Tanel"/>
    <property name="java.class.path" value="C:\Program Files\JetBrains\IntelliJ IDEA 2019.2.2\plugins\maven\lib\maven3\boot\plexus-classworlds-2.6.0.jar;C:\Program Files\JetBrains\IntelliJ IDEA 2019.2.2\lib\idea_rt.jar"/>
    <property name="idea.version2019.2.2" value="true"/>
    <property name="java.vm.specification.version" value="1.8"/>
    <property name="sun.arch.data.model" value="64"/>
    <property name="java.home" value="C:\Program Files\Java\jdk1.8.0_241\jre"/>
    <property name="sun.java.command" value="org.codehaus.classworlds.Launcher -Didea.version2019.2.2 test"/>
    <property name="java.specification.vendor" value="Oracle Corporation"/>
    <property name="user.language" value="en"/>
    <property name="awt.toolkit" value="sun.awt.windows.WToolkit"/>
    <property name="java.vm.info" value="mixed mode"/>
    <property name="java.version" value="1.8.0_241"/>
    <property name="java.ext.dirs" value="C:\Program Files\Java\jdk1.8.0_241\jre\lib\ext;C:\WINDOWS\Sun\Java\lib\ext"/>
    <property name="sun.boot.class.path" value="C:\Program Files\Java\jdk1.8.0_241\jre\lib\resources.jar;C:\Program Files\Java\jdk1.8.0_241\jre\lib\rt.jar;C:\Program Files\Java\jdk1.8.0_241\jre\lib\sunrsasign.jar;C:\Program Files\Java\jdk1.8.0_241\jre\lib\jsse.jar;C:\Program Files\Java\jdk1.8.0_241\jre\lib\jce.jar;C:\Program Files\Java\jdk1.8.0_241\jre\lib\charsets.jar;C:\Program Files\Java\jdk1.8.0_241\jre\lib\jfr.jar;C:\Program Files\Java\jdk1.8.0_241\jre\classes"/>
    <property name="java.vendor" value="Oracle Corporation"/>
    <property name="maven.home" value="C:\Program Files\JetBrains\IntelliJ IDEA 2019.2.2\plugins\maven\lib\maven3"/>
    <property name="file.separator" value="\"/>
    <property name="java.vendor.url.bug" value="http://bugreport.sun.com/bugreport/"/>
    <property name="sun.cpu.endian" value="little"/>
    <property name="sun.io.unicode.encoding" value="UnicodeLittle"/>
    <property name="sun.desktop" value="windows"/>
    <property name="sun.cpu.isalist" value="amd64"/>
  </properties>
  <testcase name="testDecemberToJanuary" classname="ee.ut.cs.swt.nextdate.NextDateTest" time="0.016">
    <failure message="expected:&lt;1[/1/2002]&gt; but was:&lt;1[2/32/2001]&gt;" type="org.junit.ComparisonFailure"><![CDATA[org.junit.ComparisonFailure: expected:<1[/1/2002]> but was:<1[2/32/2001]>
	at ee.ut.cs.swt.nextdate.NextDateTest.testDecemberToJanuary(NextDateTest.java:32)
]]></failure>
  </testcase>
  <testcase name="testNovember" classname="ee.ut.cs.swt.nextdate.NextDateTest" time="0"/>
  <testcase name="testFebuaryToMarch" classname="ee.ut.cs.swt.nextdate.NextDateTest" time="0"/>
  <testcase name="testInvalidJulyDate" classname="ee.ut.cs.swt.nextdate.NextDateTest" time="0">
    <failure message="expected:&lt;[invalid Input Date]&gt; but was:&lt;[7/64/2004]&gt;" type="org.junit.ComparisonFailure"><![CDATA[org.junit.ComparisonFailure: expected:<[invalid Input Date]> but was:<[7/64/2004]>
	at ee.ut.cs.swt.nextdate.NextDateTest.testInvalidJulyDate(NextDateTest.java:82)
]]></failure>
  </testcase>
  <testcase name="testFebuary" classname="ee.ut.cs.swt.nextdate.NextDateTest" time="0"/>
  <testcase name="testInvalidDecemberDate" classname="ee.ut.cs.swt.nextdate.NextDateTest" time="0.001">
    <failure message="expected:&lt;[Invalid Input Date]&gt; but was:&lt;[1/1/2021]&gt;" type="org.junit.ComparisonFailure"><![CDATA[org.junit.ComparisonFailure: expected:<[Invalid Input Date]> but was:<[1/1/2021]>
	at ee.ut.cs.swt.nextdate.NextDateTest.testInvalidDecemberDate(NextDateTest.java:92)
]]></failure>
  </testcase>
  <testcase name="testJuly" classname="ee.ut.cs.swt.nextdate.NextDateTest" time="0">
    <failure message="expected:&lt;7/[7]/2020&gt; but was:&lt;7/[6]/2020&gt;" type="org.junit.ComparisonFailure"><![CDATA[org.junit.ComparisonFailure: expected:<7/[7]/2020> but was:<7/[6]/2020>
	at ee.ut.cs.swt.nextdate.NextDateTest.testJuly(NextDateTest.java:57)
]]></failure>
  </testcase>
  <testcase name="testJuneToJuly" classname="ee.ut.cs.swt.nextdate.NextDateTest" time="0"/>
  <testcase name="testFebuary2000LeayYear" classname="ee.ut.cs.swt.nextdate.NextDateTest" time="0"/>
  <testcase name="testFebuaryinvalid30Date" classname="ee.ut.cs.swt.nextdate.NextDateTest" time="0"/>
  <testcase name="testInvalidEverything" classname="ee.ut.cs.swt.nextdate.NextDateTest" time="0"/>
  <testcase name="testFebuaryToMarchNotLeapYear" classname="ee.ut.cs.swt.nextdate.NextDateTest" time="0"/>
  <testcase name="testJulyToAugust" classname="ee.ut.cs.swt.nextdate.NextDateTest" time="0">
    <failure message="expected:&lt;[8/]1/2020&gt; but was:&lt;[7/3]1/2020&gt;" type="org.junit.ComparisonFailure"><![CDATA[org.junit.ComparisonFailure: expected:<[8/]1/2020> but was:<[7/3]1/2020>
	at ee.ut.cs.swt.nextdate.NextDateTest.testJulyToAugust(NextDateTest.java:87)
]]></failure>
  </testcase>
  <testcase name="testDecemberInvalidNextYear" classname="ee.ut.cs.swt.nextdate.NextDateTest" time="0"/>
  <testcase name="testInvalidEverythingAlternate" classname="ee.ut.cs.swt.nextdate.NextDateTest" time="0"/>
  <testcase name="testFebuaryLeapYear" classname="ee.ut.cs.swt.nextdate.NextDateTest" time="0"/>
  <testcase name="testAprilInvalidDate" classname="ee.ut.cs.swt.nextdate.NextDateTest" time="0.001"/>
  <testcase name="testMarchToApril" classname="ee.ut.cs.swt.nextdate.NextDateTest" time="0"/>
</testsuite>